<?xml version="1.0" encoding="UTF-8"?>
<testng-results ignored="0" total="1" passed="1" failed="0" skipped="0">
  <reporter-output>
  </reporter-output>
  <suite started-at="2019-08-10T13:25:23Z" name="Default suite" finished-at="2019-08-10T13:26:50Z" duration-ms="87668">
    <groups>
    </groups>
    <test started-at="2019-08-10T13:25:23Z" name="Default test" finished-at="2019-08-10T13:26:50Z" duration-ms="87668">
      <class name="mercury.newTours.AppTest">
        <test-method is-config="true" signature="configureBrowser()[pri:0, instance:mercury.newTours.AppTest@5b94b04d]" started-at="2019-08-10T13:25:23Z" name="configureBrowser" finished-at="2019-08-10T13:25:45Z" duration-ms="22261" status="PASS">
          <reporter-output>
          </reporter-output>
        </test-method> <!-- configureBrowser -->
        <test-method signature="bookFlightTest()[pri:0, instance:mercury.newTours.AppTest@5b94b04d]" started-at="2019-08-10T13:25:45Z" name="bookFlightTest" finished-at="2019-08-10T13:26:50Z" duration-ms="65082" status="PASS">
          <reporter-output>
          </reporter-output>
        </test-method> <!-- bookFlightTest -->
        <test-method is-config="true" signature="closeBrowser()[pri:0, instance:mercury.newTours.AppTest@5b94b04d]" started-at="2019-08-10T13:26:50Z" name="closeBrowser" finished-at="2019-08-10T13:26:50Z" duration-ms="192" status="PASS">
          <reporter-output>
          </reporter-output>
        </test-method> <!-- closeBrowser -->
      </class> <!-- mercury.newTours.AppTest -->
    </test> <!-- Default test -->
  </suite> <!-- Default suite -->
</testng-results>
